<?xml version="1.0" encoding="UTF-8"?>
<!-- Generated by org.testng.reporters.JUnitXMLReporter -->
<testsuite hostname="LAPTOP-V7TVMTLS" ignored="0" name="LoginRunner" tests="2" failures="0" timestamp="08 Feb 2018 22:04:42 GMT" time="218.333" errors="0">
  <testcase name="runScenario" time="112.937" classname="cucumber.api.testng.AbstractTestNGCucumberTests"/>
  <testcase name="runScenario" time="104.844" classname="cucumber.api.testng.AbstractTestNGCucumberTests"/>
</testsuite> <!-- LoginRunner -->
