<?xml version="1.0" encoding="UTF-8"?>
<!-- Generated by org.testng.reporters.JUnitXMLReporter -->
<testsuite hostname="LAPTOP-V7TVMTLS" ignored="0" name="TestRegistration" tests="1" failures="1" timestamp="11 Feb 2018 11:15:56 GMT" time="35.365" errors="0">
  <testcase name="doRegistration" time="5.636" classname="com.SeleniumCucumberFM.framework.TestScriptsPOMHybridFM.Registration.TS01Registration">
    <failure type="java.lang.AssertionError" message="Registration page not open expected [true] but found [false]">
      <![CDATA[java.lang.AssertionError: Registration page not open expected [true] but found [false]at com.SeleniumCucumberFM.framework.TestScriptsPOMHybridFM.Registration.TS01Registration.doRegistration(TS01Registration.java:65)... Removed 28 stack frames]]>
    </failure>
  </testcase> <!-- doRegistration -->
</testsuite> <!-- TestRegistration -->
